============================= test session starts =============================
platform win32 -- Python 3.13.1, pytest-9.1.1, pluggy-1.6.0 -- D:\CTFs\AI\AI\venv\Scripts\python.exe
cachedir: .pytest_cache
rootdir: D:\CTFs\AI\AI
plugins: anyio-4.14.0
collecting ... collected 17 items

tests/test_api.py::TestHealthEndpoint::test_health_returns_200 PASSED    [  5%]
tests/test_api.py::TestHealthEndpoint::test_health_has_expected_fields PASSED [ 11%]
tests/test_api.py::TestAskEndpoint::test_rejects_empty_question PASSED   [ 17%]
tests/test_api.py::TestAskEndpoint::test_rejects_whitespace_only PASSED  [ 23%]
tests/test_api.py::TestAskEndpoint::test_rejects_missing_question PASSED [ 29%]
tests/test_api.py::TestAskEndpoint::test_response_has_expected_fields PASSED [ 35%]
tests/test_api.py::TestAskEndpoint::test_faq_direct_answer_has_high_confidence PASSED [ 41%]
tests/test_api.py::TestAskEndpoint::test_response_includes_links_section PASSED [ 47%]
tests/test_api.py::TestAskEndpoint::test_response_includes_steps_section PASSED [ 52%]
tests/test_api.py::TestAskEndpoint::test_response_includes_confidence PASSED [ 58%]
tests/test_api.py::TestFeedbackEndpoint::test_feedback_saves_successfully PASSED [ 64%]
tests/test_api.py::TestFeedbackEndpoint::test_feedback_rejects_invalid_rating PASSED [ 70%]
tests/test_api.py::TestFeedbackEndpoint::test_feedback_accepts_average PASSED [ 76%]
tests/test_api.py::TestFeedbackEndpoint::test_feedback_accepts_poor PASSED [ 82%]
tests/test_api.py::TestErrorHandling::test_returns_503_when_llm_unreachable PASSED [ 88%]
tests/test_api.py::TestErrorHandling::test_frontend_response_has_expected_format PASSED [ 94%]
tests/test_api.py::TestConfigEndpoint::test_spa_serves_index_html PASSED [100%]

============================== warnings summary ===============================
venv\Lib\site-packages\fastapi\testclient.py:1
  D:\CTFs\AI\AI\venv\Lib\site-packages\fastapi\testclient.py:1: StarletteDeprecationWarning: Using `httpx` with `starlette.testclient` is deprecated; install `httpx2` instead.
    from starlette.testclient import TestClient as TestClient  # noqa

-- Docs: https://docs.pytest.org/en/stable/how-to/capture-warnings.html
======================= 17 passed, 1 warning in 30.98s ========================
